{
  "RSpec": {
    "coverage": {
      "/home/richisp/timetable_quality/spec/controllers/passwords_controller_spec.rb": {
        "lines": [
          1,
          null,
          1,
          1,
          3,
          1,
          null,
          2,
          null,
          null,
          null,
          3,
          null,
          3,
          null,
          1,
          1,
          null,
          1,
          null,
          null,
          1,
          2,
          null,
          1,
          1,
          null,
          1,
          null,
          null,
          null,
          null
        ]
      },
      "/home/richisp/timetable_quality/spec/rails_helper.rb": {
        "lines": [
          null,
          1,
          1,
          1,
          null,
          1,
          1,
          null,
          null,
          null,
          null,
          null,
          null,
          null,
          null,
          null,
          null,
          null,
          null,
          null,
          null,
          null,
          2,
          null,
          null,
          null,
          null,
          1,
          null,
          0,
          0,
          null,
          1,
          null,
          1,
          null,
          null,
          null,
          null,
          1,
          null,
          null,
          null,
          null,
          null,
          null,
          null,
          null,
          null,
          null,
          null,
          null,
          null,
          null,
          null,
          null,
          null,
          1,
          null,
          null,
          1,
          null,
          null,
          null
        ]
      },
      "/home/richisp/timetable_quality/config/environment.rb": {
        "lines": [
          null,
          1,
          null,
          null,
          1
        ]
      },
      "/home/richisp/timetable_quality/config/application.rb": {
        "lines": [
          1,
          null,
          1,
          null,
          null,
          null,
          1,
          null,
          1,
          1,
          null,
          1,
          null,
          null,
          null,
          null,
          null,
          null,
          null,
          null,
          null,
          null
        ]
      },
      "/home/richisp/timetable_quality/config/boot.rb": {
        "lines": [
          1,
          null,
          1,
          1
        ]
      },
      "/home/richisp/timetable_quality/config/environments/test.rb": {
        "lines": [
          1,
          null,
          null,
          null,
          null,
          null,
          null,
          1,
          null,
          null,
          null,
          1,
          null,
          null,
          null,
          null,
          1,
          null,
          null,
          1,
          1,
          null,
          null,
          null,
          null,
          1,
          1,
          1,
          null,
          null,
          1,
          null,
          null,
          1,
          null,
          null,
          1,
          null,
          1,
          null,
          null,
          null,
          null,
          1,
          null,
          null,
          1,
          null,
          null,
          1,
          null,
          null,
          1,
          null,
          null,
          null,
          null,
          null,
          null,
          null
        ]
      },
      "/home/richisp/timetable_quality/config/initializers/assets.rb": {
        "lines": [
          null,
          null,
          null,
          1,
          null,
          null,
          null,
          null,
          null,
          null,
          null,
          null
        ]
      },
      "/home/richisp/timetable_quality/config/initializers/content_security_policy.rb": {
        "lines": [
          null,
          null,
          null,
          null,
          null,
          null,
          null,
          null,
          null,
          null,
          null,
          null,
          null,
          null,
          null,
          null,
          null,
          null,
          null,
          null,
          null,
          null,
          null,
          null,
          null,
          null
        ]
      },
      "/home/richisp/timetable_quality/config/initializers/filter_parameter_logging.rb": {
        "lines": [
          null,
          null,
          null,
          null,
          null,
          1,
          null,
          null
        ]
      },
      "/home/richisp/timetable_quality/config/initializers/inflections.rb": {
        "lines": [
          null,
          null,
          null,
          null,
          null,
          null,
          null,
          null,
          null,
          null,
          null,
          null,
          null,
          null,
          null,
          null
        ]
      },
      "/home/richisp/timetable_quality/config/initializers/permissions_policy.rb": {
        "lines": [
          null,
          null,
          null,
          null,
          null,
          null,
          null,
          null,
          null,
          null,
          null
        ]
      },
      "/home/richisp/timetable_quality/spec/factories/quality_reports.rb": {
        "lines": [
          1,
          1,
          4,
          4,
          4,
          null,
          1,
          null,
          3,
          null,
          null,
          null,
          null,
          null,
          null,
          null,
          null
        ]
      },
      "/home/richisp/timetable_quality/spec/factories/users.rb": {
        "lines": [
          1,
          1,
          6,
          6,
          6,
          null,
          null
        ]
      },
      "/home/richisp/timetable_quality/config/routes.rb": {
        "lines": [
          1,
          1,
          null,
          1,
          null,
          1,
          1,
          1,
          1,
          1,
          1,
          1,
          1,
          1,
          1,
          1,
          null
        ]
      },
      "/home/richisp/timetable_quality/app/helpers/application_helper.rb": {
        "lines": [
          1,
          null
        ]
      },
      "/home/richisp/timetable_quality/app/helpers/welcome_helper.rb": {
        "lines": [
          1,
          null
        ]
      },
      "/home/richisp/timetable_quality/spec/support/factory_bot.rb": {
        "lines": [
          1,
          1,
          null
        ]
      },
      "/home/richisp/timetable_quality/app/controllers/passwords_controller.rb": {
        "lines": [
          1,
          null,
          1,
          null,
          1,
          null,
          1,
          null,
          2,
          1,
          null,
          1,
          null,
          null,
          null,
          1,
          null,
          1,
          2,
          null,
          null
        ]
      },
      "/home/richisp/timetable_quality/app/controllers/application_controller.rb": {
        "lines": [
          1,
          1,
          null,
          1,
          12,
          null,
          null,
          1,
          3,
          null,
          null
        ]
      },
      "/home/richisp/timetable_quality/spec/controllers/quality_reports_controller_spec.rb": {
        "lines": [
          1,
          null,
          1,
          1,
          2,
          2,
          1,
          null,
          2,
          null,
          1,
          1,
          1,
          null,
          null,
          1,
          1,
          null,
          2,
          null,
          null,
          null,
          null,
          null,
          null,
          null,
          3,
          15,
          null,
          1,
          2,
          null,
          8,
          null,
          null,
          1,
          2,
          null,
          2,
          6,
          null,
          null,
          2,
          null,
          null,
          1,
          2,
          null,
          null,
          1,
          1,
          1,
          1,
          null,
          1,
          null,
          null,
          null
        ]
      },
      "/home/richisp/timetable_quality/app/controllers/quality_reports_controller.rb": {
        "lines": [
          1,
          null,
          1,
          1,
          1,
          null,
          1,
          1,
          null,
          null,
          1,
          null,
          1,
          0,
          null,
          null,
          1,
          2,
          2,
          2,
          null,
          null,
          2,
          null,
          null,
          null,
          null,
          null,
          null,
          2,
          null,
          2,
          2,
          4,
          2,
          null,
          0,
          0,
          null,
          null,
          null,
          null,
          1,
          0,
          null,
          0,
          0,
          0,
          null,
          null,
          null,
          1,
          null,
          1,
          0,
          null,
          null,
          1,
          4,
          null,
          null
        ]
      },
      "/home/richisp/timetable_quality/spec/controllers/registrations_controller_spec.rb": {
        "lines": [
          1,
          null,
          1,
          1,
          1,
          null,
          5,
          null,
          null,
          null,
          1,
          2,
          null,
          null,
          1,
          1,
          null,
          1,
          null,
          null,
          1,
          2,
          null,
          1,
          2,
          null,
          null,
          null,
          1,
          1,
          1,
          1,
          null,
          null,
          1,
          2,
          null,
          null,
          null,
          1,
          2,
          null,
          1,
          2,
          null,
          null,
          null,
          null
        ]
      },
      "/home/richisp/timetable_quality/app/controllers/registrations_controller.rb": {
        "lines": [
          1,
          null,
          1,
          0,
          null,
          null,
          1,
          5,
          5,
          2,
          null,
          2,
          2,
          null,
          3,
          null,
          null,
          null,
          1,
          null,
          1,
          null,
          5,
          null,
          null
        ]
      },
      "/home/richisp/timetable_quality/spec/controllers/sessions_controller_spec.rb": {
        "lines": [
          1,
          null,
          1,
          1,
          1,
          null,
          2,
          null,
          null,
          null,
          null,
          3,
          null,
          1,
          1,
          null,
          1,
          null,
          null,
          1,
          2,
          null,
          1,
          1,
          null,
          1,
          null,
          null,
          null,
          null
        ]
      },
      "/home/richisp/timetable_quality/app/controllers/sessions_controller.rb": {
        "lines": [
          1,
          1,
          null,
          1,
          2,
          null,
          2,
          null,
          1,
          1,
          null,
          1,
          1,
          null,
          null,
          null,
          1,
          null,
          0,
          0,
          null,
          null
        ]
      },
      "/home/richisp/timetable_quality/app/models/user.rb": {
        "lines": [
          1,
          1,
          null,
          1,
          null,
          1,
          1,
          1,
          null,
          1,
          null,
          1,
          13,
          null,
          0,
          null,
          null,
          1,
          13,
          null,
          0,
          null,
          null,
          1,
          13,
          null,
          1,
          null,
          null
        ]
      },
      "/home/richisp/timetable_quality/app/models/application_record.rb": {
        "lines": [
          1,
          1,
          null
        ]
      },
      "/home/richisp/timetable_quality/app/models/current.rb": {
        "lines": [
          1,
          null,
          1,
          null
        ]
      },
      "/home/richisp/timetable_quality/app/models/quality_report.rb": {
        "lines": [
          1,
          1,
          null,
          1,
          1,
          1,
          null
        ]
      },
      "/home/richisp/timetable_quality/app/models/quality_constraint.rb": {
        "lines": [
          1,
          null
        ]
      },
      "/home/richisp/timetable_quality/app/services/calculate_quality.rb": {
        "lines": [
          1,
          1,
          2,
          2,
          null,
          null,
          1,
          2,
          null,
          2,
          null,
          null,
          1,
          2,
          null,
          2,
          6,
          null,
          null,
          2,
          null,
          null,
          1,
          2,
          24,
          null,
          null,
          null,
          1,
          12,
          null,
          12,
          36,
          null,
          null,
          12,
          null,
          null,
          1,
          2,
          60,
          null,
          null,
          12,
          null,
          null,
          1,
          12,
          2,
          null,
          2,
          null,
          null,
          1,
          2,
          60,
          null,
          null,
          12,
          null,
          null,
          1,
          4,
          24,
          4,
          null,
          4,
          null,
          null,
          1,
          6,
          null,
          null
        ]
      },
      "/home/richisp/timetable_quality/app/mailers/welcome_mailer.rb": {
        "lines": [
          1,
          1,
          2,
          2,
          2,
          null,
          null
        ]
      },
      "/home/richisp/timetable_quality/app/mailers/application_mailer.rb": {
        "lines": [
          1,
          1,
          1,
          null
        ]
      }
    },
    "timestamp": 1652248576
  }
}
